[debug] [2023-06-24T12:07:01.391Z] ----------------------------------------------------------------------
[debug] [2023-06-24T12:07:01.392Z] Command:       /usr/local/bin/node /usr/local/bin/firebase init
[debug] [2023-06-24T12:07:01.392Z] CLI Version:   12.4.0
[debug] [2023-06-24T12:07:01.392Z] Platform:      darwin
[debug] [2023-06-24T12:07:01.392Z] Node Version:  v18.16.1
[debug] [2023-06-24T12:07:01.393Z] Time:          Sat Jun 24 2023 17:37:01 GMT+0530 (India Standard Time)
[debug] [2023-06-24T12:07:01.393Z] ----------------------------------------------------------------------
[debug] 
[debug] [2023-06-24T12:07:01.395Z] > command requires scopes: ["email","openid","https://www.googleapis.com/auth/cloudplatformprojects.readonly","https://www.googleapis.com/auth/firebase","https://www.googleapis.com/auth/cloud-platform"]
[debug] [2023-06-24T12:07:01.396Z] > authorizing via signed-in user (sabbinenikoushik@gmail.com)
[info] 
     ######## #### ########  ######## ########     ###     ######  ########
     ##        ##  ##     ## ##       ##     ##  ##   ##  ##       ##
     ######    ##  ########  ######   ########  #########  ######  ######
     ##        ##  ##    ##  ##       ##     ## ##     ##       ## ##
     ##       #### ##     ## ######## ########  ##     ##  ######  ########

You're about to initialize a Firebase project in this directory:

  /Users/koushiksabbineni/Downloads/reactjs/cowin

[info] 
=== Project Setup
[info] 
[info] First, let's associate this project directory with a Firebase project.
[info] You can create multiple project aliases by running firebase use --add, 
[info] but for now we'll just set up a default project.
[info] 
[debug] [2023-06-24T12:07:39.501Z] >>> [apiv2][query] GET https://firebase.googleapis.com/v1beta1/projects pageSize=100
[debug] [2023-06-24T12:07:40.454Z] <<< [apiv2][status] GET https://firebase.googleapis.com/v1beta1/projects 200
[debug] [2023-06-24T12:07:40.455Z] <<< [apiv2][body] GET https://firebase.googleapis.com/v1beta1/projects [omitted]
[info] i  Using project covidapp-9f88d (covidapp) 
[info] 
=== Database Setup
[info] i  database: ensuring required API firebasedatabase.googleapis.com is enabled... 
[debug] [2023-06-24T12:07:43.196Z] >>> [apiv2][query] GET https://serviceusage.googleapis.com/v1/projects/covidapp-9f88d/services/firebasedatabase.googleapis.com [none]
[debug] [2023-06-24T12:07:43.196Z] >>> [apiv2][(partial)header] GET https://serviceusage.googleapis.com/v1/projects/covidapp-9f88d/services/firebasedatabase.googleapis.com x-goog-quota-user=projects/covidapp-9f88d
[debug] [2023-06-24T12:07:44.972Z] <<< [apiv2][status] GET https://serviceusage.googleapis.com/v1/projects/covidapp-9f88d/services/firebasedatabase.googleapis.com 200
[debug] [2023-06-24T12:07:44.972Z] <<< [apiv2][body] GET https://serviceusage.googleapis.com/v1/projects/covidapp-9f88d/services/firebasedatabase.googleapis.com [omitted]
[info] ✔  database: required API firebasedatabase.googleapis.com is enabled 
[info] 
[debug] [2023-06-24T12:07:44.974Z] >>> [apiv2][query] GET https://firebasedatabase.googleapis.com/v1beta/projects/covidapp-9f88d/locations/-/instances/covidapp-9f88d-default-rtdb [none]
[debug] [2023-06-24T12:07:46.367Z] <<< [apiv2][status] GET https://firebasedatabase.googleapis.com/v1beta/projects/covidapp-9f88d/locations/-/instances/covidapp-9f88d-default-rtdb 200
[debug] [2023-06-24T12:07:46.367Z] <<< [apiv2][body] GET https://firebasedatabase.googleapis.com/v1beta/projects/covidapp-9f88d/locations/-/instances/covidapp-9f88d-default-rtdb {"name":"projects/265193378861/locations/us-central1/instances/covidapp-9f88d-default-rtdb","project":"projects/265193378861","databaseUrl":"https://covidapp-9f88d-default-rtdb.firebaseio.com","type":"DEFAULT_DATABASE","state":"ACTIVE"}
[info] 
[info] Firebase Realtime Database Security Rules allow you to define how your data should be
[info] structured and when your data can be read from and written to.
[info] 
[debug] [2023-06-24T12:07:59.165Z] >>> [apiv2][query] GET https://covidapp-9f88d-default-rtdb.firebaseio.com/.settings/rules.json [none]
[debug] [2023-06-24T12:07:59.801Z] <<< [apiv2][status] GET https://covidapp-9f88d-default-rtdb.firebaseio.com/.settings/rules.json 200
[debug] [2023-06-24T12:07:59.801Z] <<< [apiv2][body] GET https://covidapp-9f88d-default-rtdb.firebaseio.com/.settings/rules.json [stream]
[info] ✔  Database Rules for covidapp-9f88d-default-rtdb have been written to database.rules.json. 
[info] Future modifications to database.rules.json will update Realtime Database Security Rules when you run
[info] firebase deploy.
[info] 
=== Firestore Setup
[debug] [2023-06-24T12:07:59.805Z] >>> [apiv2][query] GET https://serviceusage.googleapis.com/v1/projects/covidapp-9f88d/services/firestore.googleapis.com [none]
[debug] [2023-06-24T12:07:59.805Z] >>> [apiv2][(partial)header] GET https://serviceusage.googleapis.com/v1/projects/covidapp-9f88d/services/firestore.googleapis.com x-goog-quota-user=projects/covidapp-9f88d
[debug] [2023-06-24T12:08:01.481Z] <<< [apiv2][status] GET https://serviceusage.googleapis.com/v1/projects/covidapp-9f88d/services/firestore.googleapis.com 200
[debug] [2023-06-24T12:08:01.482Z] <<< [apiv2][body] GET https://serviceusage.googleapis.com/v1/projects/covidapp-9f88d/services/firestore.googleapis.com [omitted]
[debug] [2023-06-24T12:08:01.482Z] >>> [apiv2][query] GET https://firestore.googleapis.com/v1/projects/covidapp-9f88d/databases/(default) [none]
[debug] [2023-06-24T12:08:03.201Z] <<< [apiv2][status] GET https://firestore.googleapis.com/v1/projects/covidapp-9f88d/databases/(default) 200
[debug] [2023-06-24T12:08:03.201Z] <<< [apiv2][body] GET https://firestore.googleapis.com/v1/projects/covidapp-9f88d/databases/(default) {"name":"projects/covidapp-9f88d/databases/(default)","uid":"65cecc92-1c6c-4ac4-9788-33acecada0cb","createTime":"2023-06-23T13:45:39.027870Z","updateTime":"2023-06-23T13:45:39.027870Z","locationId":"nam5","type":"FIRESTORE_NATIVE","concurrencyMode":"PESSIMISTIC","versionRetentionPeriod":"3600s","earliestVersionTime":"2023-06-24T11:08:03.042982Z","appEngineIntegrationMode":"DISABLED","keyPrefix":"s","pointInTimeRecoveryEnablement":"POINT_IN_TIME_RECOVERY_DISABLED","deleteProtectionState":"DELETE_PROTECTION_DISABLED","etag":"IIeom8Hv2/8CMKHj9qrV2f8C"}
[debug] [2023-06-24T12:08:03.201Z] database_type: FIRESTORE_NATIVE
[debug] [2023-06-24T12:08:03.202Z] > command requires scopes: ["email","openid","https://www.googleapis.com/auth/cloudplatformprojects.readonly","https://www.googleapis.com/auth/firebase","https://www.googleapis.com/auth/cloud-platform"]
[debug] [2023-06-24T12:08:03.202Z] > authorizing via signed-in user (sabbinenikoushik@gmail.com)
[debug] [2023-06-24T12:08:03.202Z] [iam] checking project covidapp-9f88d for permissions ["firebase.projects.get"]
[debug] [2023-06-24T12:08:03.203Z] >>> [apiv2][query] POST https://cloudresourcemanager.googleapis.com/v1/projects/covidapp-9f88d:testIamPermissions [none]
[debug] [2023-06-24T12:08:03.203Z] >>> [apiv2][(partial)header] POST https://cloudresourcemanager.googleapis.com/v1/projects/covidapp-9f88d:testIamPermissions x-goog-quota-user=projects/covidapp-9f88d
[debug] [2023-06-24T12:08:03.203Z] >>> [apiv2][body] POST https://cloudresourcemanager.googleapis.com/v1/projects/covidapp-9f88d:testIamPermissions {"permissions":["firebase.projects.get"]}
[debug] [2023-06-24T12:08:04.629Z] <<< [apiv2][status] POST https://cloudresourcemanager.googleapis.com/v1/projects/covidapp-9f88d:testIamPermissions 200
[debug] [2023-06-24T12:08:04.630Z] <<< [apiv2][body] POST https://cloudresourcemanager.googleapis.com/v1/projects/covidapp-9f88d:testIamPermissions {"permissions":["firebase.projects.get"]}
[info] 
[info] Firestore Security Rules allow you to define how and when to allow
[info] requests. You can keep these rules in your project directory
[info] and publish them with firebase deploy.
[info] 
[debug] [2023-06-24T12:08:17.845Z] >>> [apiv2][query] GET https://firebaserules.googleapis.com/v1/projects/covidapp-9f88d/releases pageSize=10&pageToken=
[debug] [2023-06-24T12:08:19.379Z] <<< [apiv2][status] GET https://firebaserules.googleapis.com/v1/projects/covidapp-9f88d/releases 200
[debug] [2023-06-24T12:08:19.380Z] <<< [apiv2][body] GET https://firebaserules.googleapis.com/v1/projects/covidapp-9f88d/releases {"releases":[{"name":"projects/covidapp-9f88d/releases/cloud.firestore","rulesetName":"projects/covidapp-9f88d/rulesets/f1e45d08-d478-4ca4-b8c0-6a9e914e5e3f","createTime":"2023-06-23T13:45:45.232549Z","updateTime":"2023-06-23T13:46:20.842902Z"},{"name":"projects/covidapp-9f88d/releases/firebase.storage/covidapp-9f88d.appspot.com","rulesetName":"projects/covidapp-9f88d/rulesets/f770bd73-3bae-438c-9a84-ffe458a62e0a","createTime":"2023-06-23T18:48:08.584877Z","updateTime":"2023-06-23T18:48:08.584877Z"}]}
[debug] [2023-06-24T12:08:19.380Z] Found ruleset: projects/covidapp-9f88d/rulesets/f1e45d08-d478-4ca4-b8c0-6a9e914e5e3f
[debug] [2023-06-24T12:08:19.380Z] >>> [apiv2][query] GET https://firebaserules.googleapis.com/v1/projects/covidapp-9f88d/rulesets/f1e45d08-d478-4ca4-b8c0-6a9e914e5e3f [none]
[debug] [2023-06-24T12:08:20.709Z] <<< [apiv2][status] GET https://firebaserules.googleapis.com/v1/projects/covidapp-9f88d/rulesets/f1e45d08-d478-4ca4-b8c0-6a9e914e5e3f 200
[debug] [2023-06-24T12:08:20.710Z] <<< [apiv2][body] GET https://firebaserules.googleapis.com/v1/projects/covidapp-9f88d/rulesets/f1e45d08-d478-4ca4-b8c0-6a9e914e5e3f [omitted]
[info] 
[info] Firestore indexes allow you to perform complex queries while
[info] maintaining performance that scales with the size of the result
[info] set. You can keep index definitions in your project directory
[info] and publish them with firebase deploy.
[info] 
[debug] [2023-06-24T12:08:23.129Z] >>> [apiv2][query] GET https://firestore.googleapis.com/v1/projects/covidapp-9f88d/databases/(default)/collectionGroups/-/indexes [none]
[debug] [2023-06-24T12:08:23.132Z] >>> [apiv2][query] GET https://firestore.googleapis.com/v1/projects/covidapp-9f88d/databases/(default)/collectionGroups/-/fields?filter=indexConfig.usesAncestorConfig=false OR ttlConfig:* [none]
[debug] [2023-06-24T12:08:24.807Z] <<< [apiv2][status] GET https://firestore.googleapis.com/v1/projects/covidapp-9f88d/databases/(default)/collectionGroups/-/indexes 200
[debug] [2023-06-24T12:08:24.807Z] <<< [apiv2][body] GET https://firestore.googleapis.com/v1/projects/covidapp-9f88d/databases/(default)/collectionGroups/-/indexes {}
[debug] [2023-06-24T12:08:24.808Z] <<< [apiv2][status] GET https://firestore.googleapis.com/v1/projects/covidapp-9f88d/databases/(default)/collectionGroups/-/fields?filter=indexConfig.usesAncestorConfig=false OR ttlConfig:* 200
[debug] [2023-06-24T12:08:24.808Z] <<< [apiv2][body] GET https://firestore.googleapis.com/v1/projects/covidapp-9f88d/databases/(default)/collectionGroups/-/fields?filter=indexConfig.usesAncestorConfig=false OR ttlConfig:* {"fields":[{"name":"projects/covidapp-9f88d/databases/(default)/collectionGroups/__default__/fields/*","indexConfig":{"indexes":[{"queryScope":"COLLECTION","fields":[{"fieldPath":"*","order":"ASCENDING"}],"state":"READY"},{"queryScope":"COLLECTION","fields":[{"fieldPath":"*","order":"DESCENDING"}],"state":"READY"},{"queryScope":"COLLECTION","fields":[{"fieldPath":"*","arrayConfig":"CONTAINS"}],"state":"READY"}]}}]}
[info] 
=== Functions Setup
[debug] [2023-06-24T12:08:24.811Z] > command requires scopes: ["email","openid","https://www.googleapis.com/auth/cloudplatformprojects.readonly","https://www.googleapis.com/auth/firebase","https://www.googleapis.com/auth/cloud-platform"]
[debug] [2023-06-24T12:08:24.811Z] > authorizing via signed-in user (sabbinenikoushik@gmail.com)
[debug] [2023-06-24T12:08:24.811Z] [iam] checking project covidapp-9f88d for permissions ["firebase.projects.get"]
[debug] [2023-06-24T12:08:24.812Z] >>> [apiv2][query] POST https://cloudresourcemanager.googleapis.com/v1/projects/covidapp-9f88d:testIamPermissions [none]
[debug] [2023-06-24T12:08:24.812Z] >>> [apiv2][(partial)header] POST https://cloudresourcemanager.googleapis.com/v1/projects/covidapp-9f88d:testIamPermissions x-goog-quota-user=projects/covidapp-9f88d
[debug] [2023-06-24T12:08:24.812Z] >>> [apiv2][body] POST https://cloudresourcemanager.googleapis.com/v1/projects/covidapp-9f88d:testIamPermissions {"permissions":["firebase.projects.get"]}
[debug] [2023-06-24T12:08:26.134Z] <<< [apiv2][status] POST https://cloudresourcemanager.googleapis.com/v1/projects/covidapp-9f88d:testIamPermissions 200
[debug] [2023-06-24T12:08:26.134Z] <<< [apiv2][body] POST https://cloudresourcemanager.googleapis.com/v1/projects/covidapp-9f88d:testIamPermissions {"permissions":["firebase.projects.get"]}
[debug] [2023-06-24T12:08:26.135Z] >>> [apiv2][query] GET https://serviceusage.googleapis.com/v1/projects/covidapp-9f88d/services/cloudfunctions.googleapis.com [none]
[debug] [2023-06-24T12:08:26.135Z] >>> [apiv2][(partial)header] GET https://serviceusage.googleapis.com/v1/projects/covidapp-9f88d/services/cloudfunctions.googleapis.com x-goog-quota-user=projects/covidapp-9f88d
[debug] [2023-06-24T12:08:26.139Z] >>> [apiv2][query] GET https://serviceusage.googleapis.com/v1/projects/covidapp-9f88d/services/runtimeconfig.googleapis.com [none]
[debug] [2023-06-24T12:08:26.139Z] >>> [apiv2][(partial)header] GET https://serviceusage.googleapis.com/v1/projects/covidapp-9f88d/services/runtimeconfig.googleapis.com x-goog-quota-user=projects/covidapp-9f88d
[debug] [2023-06-24T12:08:27.745Z] <<< [apiv2][status] GET https://serviceusage.googleapis.com/v1/projects/covidapp-9f88d/services/cloudfunctions.googleapis.com 200
[debug] [2023-06-24T12:08:27.745Z] <<< [apiv2][body] GET https://serviceusage.googleapis.com/v1/projects/covidapp-9f88d/services/cloudfunctions.googleapis.com [omitted]
[debug] [2023-06-24T12:08:27.746Z] >>> [apiv2][query] POST https://serviceusage.googleapis.com/v1/projects/covidapp-9f88d/services/cloudfunctions.googleapis.com:enable [none]
[debug] [2023-06-24T12:08:27.746Z] >>> [apiv2][(partial)header] POST https://serviceusage.googleapis.com/v1/projects/covidapp-9f88d/services/cloudfunctions.googleapis.com:enable x-goog-quota-user=projects/covidapp-9f88d
[debug] [2023-06-24T12:08:27.758Z] <<< [apiv2][status] GET https://serviceusage.googleapis.com/v1/projects/covidapp-9f88d/services/runtimeconfig.googleapis.com 200
[debug] [2023-06-24T12:08:27.758Z] <<< [apiv2][body] GET https://serviceusage.googleapis.com/v1/projects/covidapp-9f88d/services/runtimeconfig.googleapis.com [omitted]
[debug] [2023-06-24T12:08:29.515Z] <<< [apiv2][status] POST https://serviceusage.googleapis.com/v1/projects/covidapp-9f88d/services/cloudfunctions.googleapis.com:enable 200
[debug] [2023-06-24T12:08:29.515Z] <<< [apiv2][body] POST https://serviceusage.googleapis.com/v1/projects/covidapp-9f88d/services/cloudfunctions.googleapis.com:enable [omitted]
[debug] [2023-06-24T12:08:39.517Z] >>> [apiv2][query] GET https://serviceusage.googleapis.com/v1/projects/covidapp-9f88d/services/cloudfunctions.googleapis.com [none]
[debug] [2023-06-24T12:08:39.517Z] >>> [apiv2][(partial)header] GET https://serviceusage.googleapis.com/v1/projects/covidapp-9f88d/services/cloudfunctions.googleapis.com x-goog-quota-user=projects/covidapp-9f88d
[debug] [2023-06-24T12:08:41.193Z] <<< [apiv2][status] GET https://serviceusage.googleapis.com/v1/projects/covidapp-9f88d/services/cloudfunctions.googleapis.com 200
[debug] [2023-06-24T12:08:41.193Z] <<< [apiv2][body] GET https://serviceusage.googleapis.com/v1/projects/covidapp-9f88d/services/cloudfunctions.googleapis.com [omitted]
[info] Let's create a new codebase for your functions.
[info] A directory corresponding to the codebase will be created in your project
[info] with sample code pre-configured.

[info] See https://firebase.google.com/docs/functions/organize-functions for
[info] more information on organizing your functions using codebases.

[info] Functions can be deployed with firebase deploy.

[info] ✔  Wrote functions/package.json 
[info] ✔  Wrote functions/.eslintrc.js 
[info] ✔  Wrote functions/index.js 
[info] ✔  Wrote functions/.gitignore 
[info] 
=== Hosting Setup
[info] 
[info] Your public directory is the folder (relative to your project directory) that
[info] will contain Hosting assets to be uploaded with firebase deploy. If you
[info] have a build process for your assets, use your build's output directory.
[info] 
[info] ✔  Wrote public/404.html 
[debug] [2023-06-24T12:10:01.947Z] >>> [apiv2][query] GET https://www.gstatic.com/firebasejs/releases.json [none]
[debug] [2023-06-24T12:10:02.062Z] <<< [apiv2][status] GET https://www.gstatic.com/firebasejs/releases.json 200
[debug] [2023-06-24T12:10:02.062Z] <<< [apiv2][body] GET https://www.gstatic.com/firebasejs/releases.json {"current":{"version":"9.23.0","browserURL":"https://www.gstatic.com/firebasejs/9.23.0/firebase.js","packageURL":"https://www.gstatic.com/firebasejs/9.23.0/firebase.tgz"},"live":{"version":"9.23","browserURL":"https://www.gstatic.com/firebasejs/live/9.23/firebase.js","packageURL":"https://www.gstatic.com/firebasejs/live/9.23/firebase.tgz"},"components":{"analytics":"https://www.gstatic.com/firebasejs/9.23.0/firebase-analytics.js","app":"https://www.gstatic.com/firebasejs/9.23.0/firebase-app.js","app-check":"https://www.gstatic.com/firebasejs/9.23.0/firebase-app-check.js","auth":"https://www.gstatic.com/firebasejs/9.23.0/firebase-auth.js","auth/cordova":"https://www.gstatic.com/firebasejs/9.23.0/firebase-auth/cordova.js","auth/react-native":"https://www.gstatic.com/firebasejs/9.23.0/firebase-auth/react-native.js","functions":"https://www.gstatic.com/firebasejs/9.23.0/firebase-functions.js","firestore":"https://www.gstatic.com/firebasejs/9.23.0/firebase-firestore.js","firestore/lite":"https://www.gstatic.com/firebasejs/9.23.0/firebase-firestore/lite.js","installations":"https://www.gstatic.com/firebasejs/9.23.0/firebase-installations.js","storage":"https://www.gstatic.com/firebasejs/9.23.0/firebase-storage.js","performance":"https://www.gstatic.com/firebasejs/9.23.0/firebase-performance.js","remote-config":"https://www.gstatic.com/firebasejs/9.23.0/firebase-remote-config.js","messaging":"https://www.gstatic.com/firebasejs/9.23.0/firebase-messaging.js","messaging/sw":"https://www.gstatic.com/firebasejs/9.23.0/firebase-messaging/sw.js","database":"https://www.gstatic.com/firebasejs/9.23.0/firebase-database.js","firestore.memory":"https://www.gstatic.com/firebasejs/9.23.0/firebase-firestore.memory.js"}}
[info] ✔  Wrote public/index.html 
[info] 
[info] i  Didn't detect a .git folder. Assuming /Users/koushiksabbineni/Downloads/reactjs/cowin is the project root. 
[info] i  Authorizing with GitHub to upload your service account to a GitHub repository's secrets store. 
[info] 
[info] Visit this URL on this device to log in:
[info] https://github.com/login/oauth/authorize?client_id=89cf50f02ac6aaed3484&state=928533712&redirect_uri=http%3A%2F%2Flocalhost%3A9005&scope=read%3Auser%20repo%20public_repo
[info] 
[info] Waiting for authentication...
[debug] [2023-06-24T12:10:10.071Z] >>> [apiv2][query] POST https://github.com/login/oauth/access_token [none]
[debug] [2023-06-24T12:10:10.071Z] >>> [apiv2][body] POST https://github.com/login/oauth/access_token [stream]
[debug] [2023-06-24T12:10:10.440Z] <<< [apiv2][status] POST https://github.com/login/oauth/access_token 200
[debug] [2023-06-24T12:10:10.440Z] <<< [apiv2][body] POST https://github.com/login/oauth/access_token {"access_token":"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","token_type":"bearer","scope":"read:user,repo"}
[debug] [2023-06-24T12:10:10.450Z] >>> [apiv2][query] GET https://api.github.com/user [none]
[debug] [2023-06-24T12:10:10.860Z] <<< [apiv2][status] GET https://api.github.com/user 200
[debug] [2023-06-24T12:10:10.860Z] <<< [apiv2][body] GET https://api.github.com/user {"login":"SLGkoushik","id":75737889,"node_id":"MDQ6VXNlcjc1NzM3ODg5","avatar_url":"https://avatars.githubusercontent.com/u/75737889?v=4","gravatar_id":"","url":"https://api.github.com/users/SLGkoushik","html_url":"https://github.com/SLGkoushik","followers_url":"https://api.github.com/users/SLGkoushik/followers","following_url":"https://api.github.com/users/SLGkoushik/following{/other_user}","gists_url":"https://api.github.com/users/SLGkoushik/gists{/gist_id}","starred_url":"https://api.github.com/users/SLGkoushik/starred{/owner}{/repo}","subscriptions_url":"https://api.github.com/users/SLGkoushik/subscriptions","organizations_url":"https://api.github.com/users/SLGkoushik/orgs","repos_url":"https://api.github.com/users/SLGkoushik/repos","events_url":"https://api.github.com/users/SLGkoushik/events{/privacy}","received_events_url":"https://api.github.com/users/SLGkoushik/received_events","type":"User","site_admin":false,"name":"Sabbineni Lakshmi Gopi Koushik","company":"Student","blog":"","location":"Hyderabad","email":null,"hireable":null,"bio":"I am a student currently studying at BVRIT college ,Hyderabad","twitter_username":null,"public_repos":12,"public_gists":0,"followers":1,"following":1,"created_at":"2020-12-09T13:48:22Z","updated_at":"2023-06-21T03:32:08Z","private_gists":0,"total_private_repos":0,"owned_private_repos":0,"disk_usage":7092,"collaborators":0,"two_factor_authentication":false,"plan":{"name":"free","space":976562499,"collaborators":0,"private_repos":10000}}
[info] 
[info] ✔  Success! Logged into GitHub as SLGkoushik 
[info] 
[debug] [2023-06-24T12:10:18.410Z] >>> [apiv2][query] GET https://api.github.com/repos//actions/secrets/public-key type=owner
[debug] [2023-06-24T12:10:18.744Z] <<< [apiv2][status] GET https://api.github.com/repos//actions/secrets/public-key 404
[debug] [2023-06-24T12:10:18.744Z] <<< [apiv2][body] GET https://api.github.com/repos//actions/secrets/public-key {"message":"Not Found","documentation_url":"https://docs.github.com/rest"}
[info] 
[info] 
[error] ⚠  The provided authorization cannot be used with this repository. If this repository is in an organization, did you remember to grant access? 
[info] 
[info] i  Action required: Visit this URL to ensure access has been granted to the appropriate organization(s) for the Firebase CLI GitHub OAuth App: 
[info] https://github.com/settings/connections/applications/89cf50f02ac6aaed3484
[info] 
[debug] [2023-06-24T12:10:28.926Z] >>> [apiv2][query] GET https://api.github.com/repos//actions/secrets/public-key type=owner
[debug] [2023-06-24T12:10:29.323Z] <<< [apiv2][status] GET https://api.github.com/repos//actions/secrets/public-key 404
[debug] [2023-06-24T12:10:29.323Z] <<< [apiv2][body] GET https://api.github.com/repos//actions/secrets/public-key {"message":"Not Found","documentation_url":"https://docs.github.com/rest"}
[info] 
[info] 
[error] ⚠  The provided authorization cannot be used with this repository. If this repository is in an organization, did you remember to grant access? 
[info] 
[info] i  Action required: Visit this URL to ensure access has been granted to the appropriate organization(s) for the Firebase CLI GitHub OAuth App: 
[info] https://github.com/settings/connections/applications/89cf50f02ac6aaed3484
[info] 
[debug] [2023-06-24T12:10:32.712Z] >>> [apiv2][query] GET https://api.github.com/repos/user/actions/secrets/public-key type=owner
[debug] [2023-06-24T12:10:33.113Z] <<< [apiv2][status] GET https://api.github.com/repos/user/actions/secrets/public-key 404
[debug] [2023-06-24T12:10:33.113Z] <<< [apiv2][body] GET https://api.github.com/repos/user/actions/secrets/public-key {"message":"Not Found","documentation_url":"https://docs.github.com/rest"}
[info] 
[info] 
[error] ⚠  The provided authorization cannot be used with this repository. If this repository is in an organization, did you remember to grant access? 
[info] 
[info] i  Action required: Visit this URL to ensure access has been granted to the appropriate organization(s) for the Firebase CLI GitHub OAuth App: 
[info] https://github.com/settings/connections/applications/89cf50f02ac6aaed3484
[info] 
